<?xml version="1.0" encoding="UTF-8"?>
<testsuite xmlns:xsi="http://www.w3.org/2001/XMLSchema-instance" xsi:noNamespaceSchemaLocation="https://maven.apache.org/surefire/maven-surefire-plugin/xsd/surefire-test-report.xsd" name="ronnie.wfusion.task.ExampleBotTaskTest" time="78.817" tests="1" errors="0" skipped="0" failures="0">
  <properties>
[...]
</properties>
  <testcase name="shouldRunExampleBotTask{BotTaskFactory}" classname="ronnie.wfusion.task.ExampleBotTaskTest" time="61.551"/>
</testsuite>